HiveTV2.0/proguard/seeds.txt
android.support.v4.view.PagerTitleStrip$PageListener
android.support.v4.view.PagerTitleStrip$PageListener: int mScrollState
android.support.v4.view.PagerTitleStrip$PageListener: android.support.v4.view.PagerTitleStrip this$0
android.support.v4.view.PagerTitleStrip$PageListener: PagerTitleStrip$PageListener(android.support.v4.view.PagerTitleStrip)
android.support.v4.view.PagerTitleStrip$PageListener: void onPageScrolled(int,float,int)
android.support.v4.view.PagerTitleStrip$PageListener: void onPageSelected(int)
android.support.v4.view.PagerTitleStrip$PageListener: void onPageScrollStateChanged(int)
android.support.v4.view.PagerTitleStrip$PageListener: void onAdapterChanged(android.support.v4.view.PagerAdapter,android.support.v4.view.PagerAdapter)
android.support.v4.view.PagerTitleStrip$PageListener: void onChanged()
android.support.v4.view.PagerTitleStrip$PageListener: PagerTitleStrip$PageListener(android.support.v4.view.PagerTitleStrip,android.support.v4.view.PagerTitleStrip$1)
android.support.v4.view.PagerTitleStrip$PagerTitleStripImpl
android.support.v4.view.PagerTitleStrip$PagerTitleStripImpl: void setSingleLineAllCaps(android.widget.TextView)
android.support.v4.view.PagerTitleStrip$PagerTitleStripImplBase
android.support.v4.view.PagerTitleStrip$PagerTitleStripImplBase: PagerTitleStrip$PagerTitleStripImplBase()
android.support.v4.view.PagerTitleStrip$PagerTitleStripImplBase: void setSingleLineAllCaps(android.widget.TextView)
android.support.v4.view.PagerTitleStrip$PagerTitleStripImplIcs
android.support.v4.view.PagerTitleStrip$PagerTitleStripImplIcs: PagerTitleStrip$PagerTitleStripImplIcs()
android.support.v4.view.PagerTitleStrip$PagerTitleStripImplIcs: void setSingleLineAllCaps(android.widget.TextView)
android.support.v4.view.PagerTitleStripIcs
android.support.v4.view.PagerTitleStripIcs: PagerTitleStripIcs()
android.support.v4.view.PagerTitleStripIcs: void setSingleLineAllCaps(android.widget.TextView)
android.support.v4.view.PagerTitleStripIcs$SingleLineAllCapsTransform
android.support.v4.view.PagerTitleStripIcs$SingleLineAllCapsTransform: java.lang.String TAG
android.support.v4.view.PagerTitleStripIcs$SingleLineAllCapsTransform: java.util.Locale mLocale
android.support.v4.view.PagerTitleStripIcs$SingleLineAllCapsTransform: PagerTitleStripIcs$SingleLineAllCapsTransform(android.content.Context)
android.support.v4.view.PagerTitleStripIcs$SingleLineAllCapsTransform: java.lang.CharSequence getTransformation(java.lang.CharSequence,android.view.View)
android.support.v4.view.VelocityTrackerCompat
android.support.v4.view.VelocityTrackerCompat: android.support.v4.view.VelocityTrackerCompat$VelocityTrackerVersionImpl IMPL
android.support.v4.view.VelocityTrackerCompat: VelocityTrackerCompat()
android.support.v4.view.VelocityTrackerCompat: float getXVelocity(android.view.VelocityTracker,int)
android.support.v4.view.VelocityTrackerCompat: float getYVelocity(android.view.VelocityTracker,int)
android.support.v4.view.VelocityTrackerCompat: void <clinit>()
android.support.v4.view.VelocityTrackerCompat$BaseVelocityTrackerVersionImpl
android.support.v4.view.VelocityTrackerCompat$BaseVelocityTrackerVersionImpl: VelocityTrackerCompat$BaseVelocityTrackerVersionImpl()
android.support.v4.view.VelocityTrackerCompat$BaseVelocityTrackerVersionImpl: float getXVelocity(android.view.VelocityTracker,int)
android.support.v4.view.VelocityTrackerCompat$BaseVelocityTrackerVersionImpl: float getYVelocity(android.view.VelocityTracker,int)