HiveTV2.0/proguard/mapping.txt
com.hiveview.tv.service.entity.SkinEntity -> com.hiveview.tv.service.entity.SkinEntity:
    int recom_type -> recom_type
    java.lang.String img_url_inside -> img_url_inside
    java.lang.String img_url_outside -> img_url_outside
    int getRecom_type() -> getRecom_type
    void setRecom_type(int) -> setRecom_type
    java.lang.String getImg_url_inside() -> getImg_url_inside
    void setImg_url_inside(java.lang.String) -> setImg_url_inside
    java.lang.String getImg_url_outside() -> getImg_url_outside
    void setImg_url_outside(java.lang.String) -> setImg_url_outside
com.hiveview.tv.service.entity.StringEntity -> com.hiveview.tv.service.entity.StringEntity:
    long serialVersionUID -> serialVersionUID
    java.lang.String strParams -> strParams
    int intParams -> intParams
    java.lang.String getStrParams() -> getStrParams
    void setStrParams(java.lang.String) -> setStrParams
    int getIntParams() -> getIntParams
    void setIntParams(int) -> setIntParams
com.hiveview.tv.service.entity.SubjectEntity -> com.hiveview.tv.service.entity.SubjectEntity:
    long serialVersionUID -> serialVersionUID
    int contentCid -> contentCid
    java.lang.String contentDesc -> contentDesc
    int contentId -> contentId
    java.lang.String contentImg -> contentImg
    java.lang.String contentName -> contentName
    int contentType -> contentType
    java.lang.String createdTime -> createdTime
    java.lang.String id -> id
    int isEffective -> isEffective
    int seq -> seq
    java.lang.String showType -> showType
    int subjectId -> subjectId
    java.lang.String updatedTime -> updatedTime
    java.lang.String videosetImg -> videosetImg
    java.lang.String videosetTvImg -> videosetTvImg
    int getContentCid() -> getContentCid
    void setContentCid(int) -> setContentCid
    java.lang.String getContentDesc() -> getContentDesc
    void setContentDesc(java.lang.String) -> setContentDesc
    int getContentId() -> getContentId
    void setContentId(int) -> setContentId
    java.lang.String getContentImg() -> getContentImg
    void setContentImg(java.lang.String) -> setContentImg
    java.lang.String getContentName() -> getContentName
    void setContentName(java.lang.String) -> setContentName
    int getContentType() -> getContentType
    void setContentType(int) -> setContentType
    java.lang.String getCreatedTime() -> getCreatedTime
    void setCreatedTime(java.lang.String) -> setCreatedTime
com.hiveview.tv.service.entity.SubjectInfo -> com.hiveview.tv.service.entity.SubjectInfo:
    long serialVersionUID -> serialVersionUID
    int contentCid -> contentCid
    java.lang.String contentDesc -> contentDesc
    int contentId -> contentId
    java.lang.String contentImg -> contentImg
    java.lang.String contentName -> contentName
    int contentType -> contentType
    java.lang.String createdTime -> createdTime
    int id -> id
    int isEffective -> isEffective
    int seq -> seq
    java.lang.String showType -> showType
    int subjectId -> subjectId
    java.lang.String updatedTime -> updatedTime
    java.lang.String videosetImg -> videosetImg
    java.lang.String videosetTvImg -> videosetTvImg
    int getContentCid() -> getContentCid
    void setContentCid(int) -> setContentCid
    java.lang.String getContentDesc() -> getContentDesc
    void setContentDesc(java.lang.String) -> setContentDesc
    int getContentId() -> getContentId
    void setContentId(int) -> setContentId
    java.lang.String getContentImg() -> getContentImg
    void setContentImg(java.lang.String) -> setContentImg
    java.lang.String getContentName() -> getContentName
    void setContentName(java.lang.String) -> setContentName
    int getContentType() -> getContentType
    void setContentType(int) -> setContentType
    java.lang.String getCreatedTime() -> getCreatedTime
    void setCreatedTime(java.lang.String) -> setCreatedTime
    int getId() -> getId