HiveTV2.0/proguard/usage.txt
com.hiveview.tv.service.dao.GameFocusDAO:
    public static final java.lang.String APP_ID
    public static final java.lang.String FOCUS_TYPE
    public static final java.lang.String CONTENT_ID
    public static final java.lang.String FOCUS_LARGE_IMG
    public static final java.lang.String FOCUS_THUMB_IMG
    public static final java.lang.String CONTENT_NAME
    public static final java.lang.String INTERVAL_TIME
    public static final java.lang.String CONTENT_DESC
    public static final java.lang.String POSITIONID
    public static final java.lang.String IS_EFFECTIVE
    public static final java.lang.String APK_PACKAGE
    public static final java.lang.String IS_APK
    public static final java.lang.String IMG_SIZE
    public static final java.lang.String IS_INTRANET
    83:87:public java.lang.String dropTable()
    204:204:public void update(com.hiveview.box.framework.entity.HiveBaseEntity,java.lang.String,java.lang.String[])
com.hiveview.tv.service.dao.HiveViewProvider:
    private static final java.lang.String ALERT_SQL_TABLE_CHANNEL
com.hiveview.tv.service.dao.OnliveTipsDAO:
    public static final java.lang.String NAME
    public static final java.lang.String DATE
    public static final java.lang.String START_TIME
    public static final java.lang.String END_TIME
    public static final java.lang.String WIKI_ID
    public static final java.lang.String WIKI_COVER
    public static final java.lang.String HASVIDEO
    public static final java.lang.String SOURCE
    public static final java.lang.String TIP_TIME
    public static final java.lang.String TELEVISIONlOGOURL
    public static final java.lang.String TELEVISIONlOGONAME
    72:76:public java.lang.String dropTable()
    89:89:public void insert(java.util.ArrayList)
    178:197:public boolean isExists(java.lang.String[])
    206:206:public void update(com.hiveview.box.framework.entity.HiveBaseEntity,java.lang.String,java.lang.String[])
com.hiveview.tv.service.dao.PageSkinDAO:
    public static final java.lang.String RECOM_TYPE
    public static final java.lang.String IMG_URL_INSIDE
    public static final java.lang.String IMG_URL_OUTSIDE
    67:71:public java.lang.String dropTable()
    77:79:public void delete(java.lang.String,java.lang.String[])
    83:90:public void insert(java.util.ArrayList)
    95:104:public void insert(com.hiveview.box.framework.entity.HiveBaseEntity)
    108:108:public java.util.ArrayList query(java.lang.String[],java.lang.String,java.lang.String[],java.lang.String)
    149:149:public void update(com.hiveview.box.framework.entity.HiveBaseEntity,java.lang.String,java.lang.String[])
com.hiveview.tv.service.dao.RecommendDAO:
    public static final java.lang.String APP_ID
    public static final java.lang.String CONTENT_ID
    public static final java.lang.String FOCUS_TYPE
    public static final java.lang.String INTERVAL_TIME
    public static final java.lang.String POSITIONID
    public static final java.lang.String CONTENT_DESC
    public static final java.lang.String CONTENT_NAME
    public static final java.lang.String FOCUS_LARGE_IMG
    public static final java.lang.String FOCUS_THUMB_IMG
    public static final java.lang.String APK_PACKAGE
    public static final java.lang.String IS_APK
    public static final java.lang.String IS_INTRANET
    public static final java.lang.String IMG_SIZE
    public static final java.lang.String SHOWTYPE
    public static final java.lang.String VIDEOID
    public static final java.lang.String SUBJECTBGIMG
    public static final java.lang.String CPID
    public static final java.lang.String POSITION
    91:95:public java.lang.String dropTable()
    110:115:public void insert(java.util.ArrayList)
    120:141:public void insert(com.hiveview.box.framework.entity.HiveBaseEntity)
    252:252:public void update(com.hiveview.box.framework.entity.HiveBaseEntity,java.lang.String,java.lang.String[])